<?xml version="1.0" encoding="UTF-8"?>
<!-- Generated by org.testng.reporters.JUnitReportReporter -->
<testsuite skipped="0" hostname="LAPTOP-TI485JC7" name="com.QA.Testcase.LoginTest" tests="1" failures="0" timestamp="02 Nov 2019 19:55:42 GMT" time="31.348" errors="0">
  <testcase name="loginTest" time="31.348" classname="com.QA.Testcase.LoginTest"/>
</testsuite> <!-- com.QA.Testcase.LoginTest -->
